<?xml version="1.0" encoding="UTF-8"?>
<coverage generated="1591531481251" clover="3.2.0">
  <project timestamp="1591531481251" name="All files">
    <metrics statements="63" coveredstatements="50" conditionals="12" coveredconditionals="10" methods="35" coveredmethods="20" elements="110" coveredelements="80" complexity="0" loc="63" ncloc="63" packages="2" files="10" classes="10"/>
    <package name="store">
      <metrics statements="45" coveredstatements="35" conditionals="2" coveredconditionals="2" methods="25" coveredmethods="14"/>
      <file name="api.js" path="/home/geoffrey/Desktop/AppAcademy/practicing-folder/redux/coding-with-mosh/first-redux-app/bugs-frontend/src/store/api.js">
        <metrics statements="3" coveredstatements="3" conditionals="0" coveredconditionals="0" methods="0" coveredmethods="0"/>
        <line num="3" count="1" type="stmt"/>
        <line num="4" count="1" type="stmt"/>
        <line num="5" count="1" type="stmt"/>
      </file>
      <file name="bugs.js" path="/home/geoffrey/Desktop/AppAcademy/practicing-folder/redux/coding-with-mosh/first-redux-app/bugs-frontend/src/store/bugs.js">
        <metrics statements="33" coveredstatements="25" conditionals="2" coveredconditionals="2" methods="22" coveredmethods="13"/>
        <line num="7" count="1" type="stmt"/>
        <line num="17" count="5" type="stmt"/>
        <line num="20" count="1" type="stmt"/>
        <line num="24" count="4" type="stmt"/>
        <line num="25" count="4" type="stmt"/>
        <line num="26" count="4" type="stmt"/>
        <line num="29" count="3" type="stmt"/>
        <line num="32" count="0" type="stmt"/>
        <line num="35" count="1" type="stmt"/>
        <line num="36" count="1" type="stmt"/>
        <line num="40" count="0" type="stmt"/>
        <line num="41" count="0" type="stmt"/>
        <line num="42" count="0" type="stmt"/>
        <line num="48" count="1" type="stmt"/>
        <line num="50" count="6" type="stmt"/>
        <line num="51" count="6" type="stmt"/>
        <line num="53" count="6" type="stmt"/>
        <line num="54" count="6" type="cond" truecount="2" falsecount="0"/>
        <line num="56" count="5" type="stmt"/>
        <line num="66" count="1" type="stmt"/>
        <line num="67" count="4" type="stmt"/>
        <line num="74" count="1" type="stmt"/>
        <line num="75" count="2" type="stmt"/>
        <line num="82" count="1" type="stmt"/>
        <line num="83" count="0" type="stmt"/>
        <line num="91" count="1" type="stmt"/>
        <line num="92" count="1" type="stmt"/>
        <line num="93" count="3" type="stmt"/>
        <line num="96" count="1" type="stmt"/>
        <line num="97" count="0" type="stmt"/>
        <line num="98" count="0" type="stmt"/>
        <line num="99" count="0" type="stmt"/>
        <line num="109" count="1" type="stmt"/>
      </file>
      <file name="configureStore.js" path="/home/geoffrey/Desktop/AppAcademy/practicing-folder/redux/coding-with-mosh/first-redux-app/bugs-frontend/src/store/configureStore.js">
        <metrics statements="1" coveredstatements="1" conditionals="0" coveredconditionals="0" methods="1" coveredmethods="1"/>
        <line num="9" count="10" type="stmt"/>
      </file>
      <file name="entities.js" path="/home/geoffrey/Desktop/AppAcademy/practicing-folder/redux/coding-with-mosh/first-redux-app/bugs-frontend/src/store/entities.js">
        <metrics statements="0" coveredstatements="0" conditionals="0" coveredconditionals="0" methods="0" coveredmethods="0"/>
      </file>
      <file name="projects.js" path="/home/geoffrey/Desktop/AppAcademy/practicing-folder/redux/coding-with-mosh/first-redux-app/bugs-frontend/src/store/projects.js">
        <metrics statements="4" coveredstatements="3" conditionals="0" coveredconditionals="0" methods="1" coveredmethods="0"/>
        <line num="3" count="1" type="stmt"/>
        <line num="4" count="1" type="stmt"/>
        <line num="9" count="0" type="stmt"/>
        <line num="17" count="1" type="stmt"/>
      </file>
      <file name="reducer.js" path="/home/geoffrey/Desktop/AppAcademy/practicing-folder/redux/coding-with-mosh/first-redux-app/bugs-frontend/src/store/reducer.js">
        <metrics statements="0" coveredstatements="0" conditionals="0" coveredconditionals="0" methods="0" coveredmethods="0"/>
      </file>
      <file name="team.js" path="/home/geoffrey/Desktop/AppAcademy/practicing-folder/redux/coding-with-mosh/first-redux-app/bugs-frontend/src/store/team.js">
        <metrics statements="4" coveredstatements="3" conditionals="0" coveredconditionals="0" methods="1" coveredmethods="0"/>
        <line num="3" count="1" type="stmt"/>
        <line num="4" count="1" type="stmt"/>
        <line num="9" count="0" type="stmt"/>
        <line num="17" count="1" type="stmt"/>
      </file>
    </package>
    <package name="store.middleware">
      <metrics statements="18" coveredstatements="15" conditionals="10" coveredconditionals="8" methods="10" coveredmethods="6"/>
      <file name="api.js" path="/home/geoffrey/Desktop/AppAcademy/practicing-folder/redux/coding-with-mosh/first-redux-app/bugs-frontend/src/store/middleware/api.js">
        <metrics statements="11" coveredstatements="11" conditionals="8" coveredconditionals="7" methods="3" coveredmethods="3"/>
        <line num="4" count="10" type="stmt"/>
        <line num="5" count="36" type="cond" truecount="2" falsecount="0"/>
        <line num="7" count="11" type="stmt"/>
        <line num="9" count="11" type="cond" truecount="2" falsecount="0"/>
        <line num="11" count="11" type="stmt"/>
        <line num="13" count="11" type="stmt"/>
        <line num="14" count="11" type="stmt"/>
        <line num="21" count="8" type="stmt"/>
        <line num="23" count="8" type="cond" truecount="1" falsecount="1"/>
        <line num="26" count="3" type="stmt"/>
        <line num="28" count="3" type="cond" truecount="2" falsecount="0"/>
      </file>
      <file name="errors.js" path="/home/geoffrey/Desktop/AppAcademy/practicing-folder/redux/coding-with-mosh/first-redux-app/bugs-frontend/src/store/middleware/errors.js">
        <metrics statements="4" coveredstatements="3" conditionals="2" coveredconditionals="1" methods="3" coveredmethods="3"/>
        <line num="1" count="10" type="stmt"/>
        <line num="2" count="36" type="cond" truecount="1" falsecount="1"/>
        <line num="3" count="0" type="stmt"/>
        <line num="4" count="36" type="stmt"/>
      </file>
      <file name="logger.js" path="/home/geoffrey/Desktop/AppAcademy/practicing-folder/redux/coding-with-mosh/first-redux-app/bugs-frontend/src/store/middleware/logger.js">
        <metrics statements="3" coveredstatements="1" conditionals="0" coveredconditionals="0" methods="4" coveredmethods="0"/>
        <line num="1" count="1" type="stmt"/>
        <line num="2" count="0" type="stmt"/>
        <line num="3" count="0" type="stmt"/>
      </file>
    </package>
  </project>
</coverage>
