{"/home/geoffrey/Desktop/AppAcademy/practicing-folder/redux/coding-with-mosh/first-redux-app/bugs-frontend/src/store/api.js": {"path":"/home/geoffrey/Desktop/AppAcademy/practicing-folder/redux/coding-with-mosh/first-redux-app/bugs-frontend/src/store/api.js","statementMap":{"0":{"start":{"line":3,"column":28},"end":{"line":3,"column":57}},"1":{"start":{"line":4,"column":30},"end":{"line":4,"column":61}},"2":{"start":{"line":5,"column":29},"end":{"line":5,"column":59}}},"fnMap":{},"branchMap":{},"s":{"0":1,"1":1,"2":1},"f":{},"b":{},"_coverageSchema":"1a1c01bbd47fc00a2c39e90264f33305004495a9","hash":"c1dfd7cb68f5f6bf4ff877703d6a9db1e9698ca5"}
,"/home/geoffrey/Desktop/AppAcademy/practicing-folder/redux/coding-with-mosh/first-redux-app/bugs-frontend/src/store/bugs.js": {"path":"/home/geoffrey/Desktop/AppAcademy/practicing-folder/redux/coding-with-mosh/first-redux-app/bugs-frontend/src/store/bugs.js","statementMap":{"0":{"start":{"line":7,"column":14},"end":{"line":45,"column":2}},"1":{"start":{"line":17,"column":3},"end":{"line":17,"column":24}},"2":{"start":{"line":20,"column":3},"end":{"line":20,"column":25}},"3":{"start":{"line":24,"column":3},"end":{"line":24,"column":31}},"4":{"start":{"line":25,"column":3},"end":{"line":25,"column":25}},"5":{"start":{"line":26,"column":3},"end":{"line":26,"column":32}},"6":{"start":{"line":29,"column":3},"end":{"line":29,"column":35}},"7":{"start":{"line":32,"column":3},"end":{"line":32,"column":67}},"8":{"start":{"line":32,"column":37},"end":{"line":32,"column":65}},"9":{"start":{"line":35,"column":17},"end":{"line":35,"column":76}},"10":{"start":{"line":35,"column":47},"end":{"line":35,"column":75}},"11":{"start":{"line":36,"column":3},"end":{"line":36,"column":37}},"12":{"start":{"line":40,"column":26},"end":{"line":40,"column":40}},"13":{"start":{"line":41,"column":17},"end":{"line":41,"column":60}},"14":{"start":{"line":41,"column":47},"end":{"line":41,"column":59}},"15":{"start":{"line":42,"column":3},"end":{"line":42,"column":37}},"16":{"start":{"line":48,"column":12},"end":{"line":48,"column":19}},"17":{"start":{"line":50,"column":24},"end":{"line":64,"column":1}},"18":{"start":{"line":50,"column":30},"end":{"line":64,"column":1}},"19":{"start":{"line":51,"column":23},"end":{"line":51,"column":47}},"20":{"start":{"line":53,"column":23},"end":{"line":53,"column":66}},"21":{"start":{"line":54,"column":1},"end":{"line":54,"column":32}},"22":{"start":{"line":54,"column":25},"end":{"line":54,"column":32}},"23":{"start":{"line":56,"column":1},"end":{"line":63,"column":3}},"24":{"start":{"line":66,"column":22},"end":{"line":72,"column":3}},"25":{"start":{"line":67,"column":1},"end":{"line":72,"column":3}},"26":{"start":{"line":74,"column":26},"end":{"line":80,"column":3}},"27":{"start":{"line":75,"column":1},"end":{"line":80,"column":3}},"28":{"start":{"line":82,"column":25},"end":{"line":88,"column":3}},"29":{"start":{"line":83,"column":1},"end":{"line":88,"column":3}},"30":{"start":{"line":91,"column":33},"end":{"line":94,"column":1}},"31":{"start":{"line":92,"column":12},"end":{"line":92,"column":31}},"32":{"start":{"line":93,"column":11},"end":{"line":93,"column":51}},"33":{"start":{"line":93,"column":37},"end":{"line":93,"column":50}},"34":{"start":{"line":96,"column":33},"end":{"line":100,"column":2}},"35":{"start":{"line":97,"column":1},"end":{"line":100,"column":2}},"36":{"start":{"line":98,"column":13},"end":{"line":98,"column":32}},"37":{"start":{"line":99,"column":12},"end":{"line":99,"column":60}},"38":{"start":{"line":99,"column":38},"end":{"line":99,"column":59}},"39":{"start":{"line":109,"column":4},"end":{"line":109,"column":17}}},"fnMap":{"0":{"name":"(anonymous_0)","decl":{"start":{"line":16,"column":17},"end":{"line":16,"column":18}},"loc":{"start":{"line":16,"column":36},"end":{"line":18,"column":3}},"line":16},"1":{"name":"(anonymous_1)","decl":{"start":{"line":19,"column":21},"end":{"line":19,"column":22}},"loc":{"start":{"line":19,"column":40},"end":{"line":21,"column":3}},"line":19},"2":{"name":"(anonymous_2)","decl":{"start":{"line":23,"column":16},"end":{"line":23,"column":17}},"loc":{"start":{"line":23,"column":35},"end":{"line":27,"column":3}},"line":23},"3":{"name":"(anonymous_3)","decl":{"start":{"line":28,"column":12},"end":{"line":28,"column":13}},"loc":{"start":{"line":28,"column":31},"end":{"line":30,"column":3}},"line":28},"4":{"name":"(anonymous_4)","decl":{"start":{"line":31,"column":14},"end":{"line":31,"column":15}},"loc":{"start":{"line":31,"column":33},"end":{"line":33,"column":3}},"line":31},"5":{"name":"(anonymous_5)","decl":{"start":{"line":32,"column":28},"end":{"line":32,"column":29}},"loc":{"start":{"line":32,"column":37},"end":{"line":32,"column":65}},"line":32},"6":{"name":"(anonymous_6)","decl":{"start":{"line":34,"column":15},"end":{"line":34,"column":16}},"loc":{"start":{"line":34,"column":34},"end":{"line":37,"column":3}},"line":34},"7":{"name":"(anonymous_7)","decl":{"start":{"line":35,"column":38},"end":{"line":35,"column":39}},"loc":{"start":{"line":35,"column":47},"end":{"line":35,"column":75}},"line":35},"8":{"name":"(anonymous_8)","decl":{"start":{"line":39,"column":21},"end":{"line":39,"column":22}},"loc":{"start":{"line":39,"column":40},"end":{"line":43,"column":3}},"line":39},"9":{"name":"(anonymous_9)","decl":{"start":{"line":41,"column":38},"end":{"line":41,"column":39}},"loc":{"start":{"line":41,"column":47},"end":{"line":41,"column":59}},"line":41},"10":{"name":"(anonymous_10)","decl":{"start":{"line":50,"column":24},"end":{"line":50,"column":25}},"loc":{"start":{"line":50,"column":30},"end":{"line":64,"column":1}},"line":50},"11":{"name":"(anonymous_11)","decl":{"start":{"line":50,"column":30},"end":{"line":50,"column":31}},"loc":{"start":{"line":50,"column":54},"end":{"line":64,"column":1}},"line":50},"12":{"name":"(anonymous_12)","decl":{"start":{"line":66,"column":22},"end":{"line":66,"column":23}},"loc":{"start":{"line":67,"column":1},"end":{"line":72,"column":3}},"line":67},"13":{"name":"(anonymous_13)","decl":{"start":{"line":74,"column":26},"end":{"line":74,"column":27}},"loc":{"start":{"line":75,"column":1},"end":{"line":80,"column":3}},"line":75},"14":{"name":"(anonymous_14)","decl":{"start":{"line":82,"column":25},"end":{"line":82,"column":26}},"loc":{"start":{"line":83,"column":1},"end":{"line":88,"column":3}},"line":83},"15":{"name":"(anonymous_15)","decl":{"start":{"line":92,"column":1},"end":{"line":92,"column":2}},"loc":{"start":{"line":92,"column":12},"end":{"line":92,"column":31}},"line":92},"16":{"name":"(anonymous_16)","decl":{"start":{"line":93,"column":1},"end":{"line":93,"column":2}},"loc":{"start":{"line":93,"column":11},"end":{"line":93,"column":51}},"line":93},"17":{"name":"(anonymous_17)","decl":{"start":{"line":93,"column":28},"end":{"line":93,"column":29}},"loc":{"start":{"line":93,"column":37},"end":{"line":93,"column":50}},"line":93},"18":{"name":"(anonymous_18)","decl":{"start":{"line":96,"column":33},"end":{"line":96,"column":34}},"loc":{"start":{"line":97,"column":1},"end":{"line":100,"column":2}},"line":97},"19":{"name":"(anonymous_19)","decl":{"start":{"line":98,"column":2},"end":{"line":98,"column":3}},"loc":{"start":{"line":98,"column":13},"end":{"line":98,"column":32}},"line":98},"20":{"name":"(anonymous_20)","decl":{"start":{"line":99,"column":2},"end":{"line":99,"column":3}},"loc":{"start":{"line":99,"column":12},"end":{"line":99,"column":60}},"line":99},"21":{"name":"(anonymous_21)","decl":{"start":{"line":99,"column":29},"end":{"line":99,"column":30}},"loc":{"start":{"line":99,"column":38},"end":{"line":99,"column":59}},"line":99}},"branchMap":{"0":{"loc":{"start":{"line":54,"column":1},"end":{"line":54,"column":32}},"type":"if","locations":[{"start":{"line":54,"column":1},"end":{"line":54,"column":32}},{"start":{"line":54,"column":1},"end":{"line":54,"column":32}}],"line":54}},"s":{"0":1,"1":5,"2":1,"3":4,"4":4,"5":4,"6":3,"7":0,"8":0,"9":1,"10":1,"11":1,"12":0,"13":0,"14":0,"15":0,"16":1,"17":1,"18":6,"19":6,"20":6,"21":6,"22":1,"23":5,"24":1,"25":4,"26":1,"27":2,"28":1,"29":0,"30":1,"31":1,"32":1,"33":3,"34":1,"35":0,"36":0,"37":0,"38":0,"39":1},"f":{"0":5,"1":1,"2":4,"3":3,"4":0,"5":0,"6":1,"7":1,"8":0,"9":0,"10":6,"11":6,"12":4,"13":2,"14":0,"15":1,"16":1,"17":3,"18":0,"19":0,"20":0,"21":0},"b":{"0":[1,5]},"_coverageSchema":"1a1c01bbd47fc00a2c39e90264f33305004495a9","hash":"07e187d681f18dc6efbd81542e9d601a77089c88"}
,"/home/geoffrey/Desktop/AppAcademy/practicing-folder/redux/coding-with-mosh/first-redux-app/bugs-frontend/src/store/configureStore.js": {"path":"/home/geoffrey/Desktop/AppAcademy/practicing-folder/redux/coding-with-mosh/first-redux-app/bugs-frontend/src/store/configureStore.js","statementMap":{"0":{"start":{"line":9,"column":1},"end":{"line":17,"column":4}}},"fnMap":{"0":{"name":"(anonymous_0)","decl":{"start":{"line":8,"column":15},"end":{"line":8,"column":16}},"loc":{"start":{"line":8,"column":27},"end":{"line":18,"column":1}},"line":8}},"branchMap":{},"s":{"0":10},"f":{"0":10},"b":{},"_coverageSchema":"1a1c01bbd47fc00a2c39e90264f33305004495a9","hash":"fd30101c61fed18ea04fef52ac014e30b8fea879"}
,"/home/geoffrey/Desktop/AppAcademy/practicing-folder/redux/coding-with-mosh/first-redux-app/bugs-frontend/src/store/entities.js": {"path":"/home/geoffrey/Desktop/AppAcademy/practicing-folder/redux/coding-with-mosh/first-redux-app/bugs-frontend/src/store/entities.js","statementMap":{},"fnMap":{},"branchMap":{},"s":{},"f":{},"b":{},"_coverageSchema":"1a1c01bbd47fc00a2c39e90264f33305004495a9","hash":"714ff33393e1b0e1b8e9d7a2893c4268d92e4014"}
,"/home/geoffrey/Desktop/AppAcademy/practicing-folder/redux/coding-with-mosh/first-redux-app/bugs-frontend/src/store/projects.js": {"path":"/home/geoffrey/Desktop/AppAcademy/practicing-folder/redux/coding-with-mosh/first-redux-app/bugs-frontend/src/store/projects.js","statementMap":{"0":{"start":{"line":3,"column":13},"end":{"line":3,"column":14}},"1":{"start":{"line":4,"column":14},"end":{"line":15,"column":2}},"2":{"start":{"line":9,"column":3},"end":{"line":12,"column":6}},"3":{"start":{"line":17,"column":32},"end":{"line":17,"column":45}}},"fnMap":{"0":{"name":"(anonymous_0)","decl":{"start":{"line":8,"column":16},"end":{"line":8,"column":17}},"loc":{"start":{"line":8,"column":35},"end":{"line":13,"column":3}},"line":8}},"branchMap":{},"s":{"0":1,"1":1,"2":0,"3":1},"f":{"0":0},"b":{},"_coverageSchema":"1a1c01bbd47fc00a2c39e90264f33305004495a9","hash":"ff75e7f5aa1bba9798b4ec6be83090cdd628c655"}
,"/home/geoffrey/Desktop/AppAcademy/practicing-folder/redux/coding-with-mosh/first-redux-app/bugs-frontend/src/store/reducer.js": {"path":"/home/geoffrey/Desktop/AppAcademy/practicing-folder/redux/coding-with-mosh/first-redux-app/bugs-frontend/src/store/reducer.js","statementMap":{},"fnMap":{},"branchMap":{},"s":{},"f":{},"b":{},"_coverageSchema":"1a1c01bbd47fc00a2c39e90264f33305004495a9","hash":"b08292a926ee8a9e4a2da968d79deb695ab10c9c"}
,"/home/geoffrey/Desktop/AppAcademy/practicing-folder/redux/coding-with-mosh/first-redux-app/bugs-frontend/src/store/team.js": {"path":"/home/geoffrey/Desktop/AppAcademy/practicing-folder/redux/coding-with-mosh/first-redux-app/bugs-frontend/src/store/team.js","statementMap":{"0":{"start":{"line":3,"column":13},"end":{"line":3,"column":14}},"1":{"start":{"line":4,"column":14},"end":{"line":15,"column":2}},"2":{"start":{"line":9,"column":3},"end":{"line":12,"column":6}},"3":{"start":{"line":17,"column":29},"end":{"line":17,"column":42}}},"fnMap":{"0":{"name":"(anonymous_0)","decl":{"start":{"line":8,"column":13},"end":{"line":8,"column":14}},"loc":{"start":{"line":8,"column":32},"end":{"line":13,"column":3}},"line":8}},"branchMap":{},"s":{"0":1,"1":1,"2":0,"3":1},"f":{"0":0},"b":{},"_coverageSchema":"1a1c01bbd47fc00a2c39e90264f33305004495a9","hash":"f16cd4f8070b3e5c06c54baf144f6122a6f5384f"}
,"/home/geoffrey/Desktop/AppAcademy/practicing-folder/redux/coding-with-mosh/first-redux-app/bugs-frontend/src/store/middleware/api.js": {"path":"/home/geoffrey/Desktop/AppAcademy/practicing-folder/redux/coding-with-mosh/first-redux-app/bugs-frontend/src/store/middleware/api.js","statementMap":{"0":{"start":{"line":4,"column":12},"end":{"line":30,"column":1}},"1":{"start":{"line":4,"column":30},"end":{"line":30,"column":1}},"2":{"start":{"line":4,"column":40},"end":{"line":30,"column":1}},"3":{"start":{"line":5,"column":1},"end":{"line":5,"column":68}},"4":{"start":{"line":5,"column":48},"end":{"line":5,"column":68}},"5":{"start":{"line":7,"column":60},"end":{"line":7,"column":74}},"6":{"start":{"line":9,"column":1},"end":{"line":9,"column":42}},"7":{"start":{"line":9,"column":14},"end":{"line":9,"column":42}},"8":{"start":{"line":11,"column":1},"end":{"line":11,"column":14}},"9":{"start":{"line":13,"column":1},"end":{"line":29,"column":2}},"10":{"start":{"line":14,"column":19},"end":{"line":19,"column":4}},"11":{"start":{"line":21,"column":2},"end":{"line":21,"column":50}},"12":{"start":{"line":23,"column":2},"end":{"line":23,"column":71}},"13":{"start":{"line":23,"column":17},"end":{"line":23,"column":71}},"14":{"start":{"line":26,"column":2},"end":{"line":26,"column":49}},"15":{"start":{"line":28,"column":2},"end":{"line":28,"column":67}},"16":{"start":{"line":28,"column":15},"end":{"line":28,"column":67}}},"fnMap":{"0":{"name":"(anonymous_0)","decl":{"start":{"line":4,"column":12},"end":{"line":4,"column":13}},"loc":{"start":{"line":4,"column":30},"end":{"line":30,"column":1}},"line":4},"1":{"name":"(anonymous_1)","decl":{"start":{"line":4,"column":30},"end":{"line":4,"column":31}},"loc":{"start":{"line":4,"column":40},"end":{"line":30,"column":1}},"line":4},"2":{"name":"(anonymous_2)","decl":{"start":{"line":4,"column":40},"end":{"line":4,"column":41}},"loc":{"start":{"line":4,"column":58},"end":{"line":30,"column":1}},"line":4}},"branchMap":{"0":{"loc":{"start":{"line":5,"column":1},"end":{"line":5,"column":68}},"type":"if","locations":[{"start":{"line":5,"column":1},"end":{"line":5,"column":68}},{"start":{"line":5,"column":1},"end":{"line":5,"column":68}}],"line":5},"1":{"loc":{"start":{"line":9,"column":1},"end":{"line":9,"column":42}},"type":"if","locations":[{"start":{"line":9,"column":1},"end":{"line":9,"column":42}},{"start":{"line":9,"column":1},"end":{"line":9,"column":42}}],"line":9},"2":{"loc":{"start":{"line":23,"column":2},"end":{"line":23,"column":71}},"type":"if","locations":[{"start":{"line":23,"column":2},"end":{"line":23,"column":71}},{"start":{"line":23,"column":2},"end":{"line":23,"column":71}}],"line":23},"3":{"loc":{"start":{"line":28,"column":2},"end":{"line":28,"column":67}},"type":"if","locations":[{"start":{"line":28,"column":2},"end":{"line":28,"column":67}},{"start":{"line":28,"column":2},"end":{"line":28,"column":67}}],"line":28}},"s":{"0":1,"1":10,"2":10,"3":36,"4":25,"5":11,"6":11,"7":5,"8":11,"9":11,"10":11,"11":8,"12":8,"13":8,"14":3,"15":3,"16":1},"f":{"0":10,"1":10,"2":36},"b":{"0":[25,11],"1":[5,6],"2":[8,0],"3":[1,2]},"_coverageSchema":"1a1c01bbd47fc00a2c39e90264f33305004495a9","hash":"f45666dc2da58e5e8977a3fab5370643d1ac1449"}
,"/home/geoffrey/Desktop/AppAcademy/practicing-folder/redux/coding-with-mosh/first-redux-app/bugs-frontend/src/store/middleware/errors.js": {"path":"/home/geoffrey/Desktop/AppAcademy/practicing-folder/redux/coding-with-mosh/first-redux-app/bugs-frontend/src/store/middleware/errors.js","statementMap":{"0":{"start":{"line":1,"column":15},"end":{"line":5,"column":1}},"1":{"start":{"line":1,"column":26},"end":{"line":5,"column":1}},"2":{"start":{"line":1,"column":36},"end":{"line":5,"column":1}},"3":{"start":{"line":2,"column":1},"end":{"line":4,"column":26}},"4":{"start":{"line":3,"column":2},"end":{"line":3,"column":52}},"5":{"start":{"line":4,"column":6},"end":{"line":4,"column":26}}},"fnMap":{"0":{"name":"(anonymous_0)","decl":{"start":{"line":1,"column":15},"end":{"line":1,"column":16}},"loc":{"start":{"line":1,"column":26},"end":{"line":5,"column":1}},"line":1},"1":{"name":"(anonymous_1)","decl":{"start":{"line":1,"column":26},"end":{"line":1,"column":27}},"loc":{"start":{"line":1,"column":36},"end":{"line":5,"column":1}},"line":1},"2":{"name":"(anonymous_2)","decl":{"start":{"line":1,"column":36},"end":{"line":1,"column":37}},"loc":{"start":{"line":1,"column":48},"end":{"line":5,"column":1}},"line":1}},"branchMap":{"0":{"loc":{"start":{"line":2,"column":1},"end":{"line":4,"column":26}},"type":"if","locations":[{"start":{"line":2,"column":1},"end":{"line":4,"column":26}},{"start":{"line":2,"column":1},"end":{"line":4,"column":26}}],"line":2}},"s":{"0":1,"1":10,"2":10,"3":36,"4":0,"5":36},"f":{"0":10,"1":10,"2":36},"b":{"0":[0,36]},"_coverageSchema":"1a1c01bbd47fc00a2c39e90264f33305004495a9","hash":"525a979001539c1e7ba9473545d5c45b19516af2"}
,"/home/geoffrey/Desktop/AppAcademy/practicing-folder/redux/coding-with-mosh/first-redux-app/bugs-frontend/src/store/middleware/logger.js": {"path":"/home/geoffrey/Desktop/AppAcademy/practicing-folder/redux/coding-with-mosh/first-redux-app/bugs-frontend/src/store/middleware/logger.js","statementMap":{"0":{"start":{"line":1,"column":15},"end":{"line":4,"column":1}},"1":{"start":{"line":1,"column":26},"end":{"line":4,"column":1}},"2":{"start":{"line":1,"column":37},"end":{"line":4,"column":1}},"3":{"start":{"line":1,"column":47},"end":{"line":4,"column":1}},"4":{"start":{"line":2,"column":1},"end":{"line":2,"column":31}},"5":{"start":{"line":3,"column":1},"end":{"line":3,"column":21}}},"fnMap":{"0":{"name":"(anonymous_0)","decl":{"start":{"line":1,"column":15},"end":{"line":1,"column":16}},"loc":{"start":{"line":1,"column":26},"end":{"line":4,"column":1}},"line":1},"1":{"name":"(anonymous_1)","decl":{"start":{"line":1,"column":26},"end":{"line":1,"column":27}},"loc":{"start":{"line":1,"column":37},"end":{"line":4,"column":1}},"line":1},"2":{"name":"(anonymous_2)","decl":{"start":{"line":1,"column":37},"end":{"line":1,"column":38}},"loc":{"start":{"line":1,"column":47},"end":{"line":4,"column":1}},"line":1},"3":{"name":"(anonymous_3)","decl":{"start":{"line":1,"column":47},"end":{"line":1,"column":48}},"loc":{"start":{"line":1,"column":59},"end":{"line":4,"column":1}},"line":1}},"branchMap":{},"s":{"0":1,"1":0,"2":0,"3":0,"4":0,"5":0},"f":{"0":0,"1":0,"2":0,"3":0},"b":{},"_coverageSchema":"1a1c01bbd47fc00a2c39e90264f33305004495a9","hash":"f75bf89a96410e7cab441c0f47b28c5962ae511a"}
}
