TN:
SF:src/store/api.js
FNF:0
FNH:0
DA:3,1
DA:4,1
DA:5,1
LF:3
LH:3
BRF:0
BRH:0
end_of_record
TN:
SF:src/store/bugs.js
FN:16,(anonymous_0)
FN:19,(anonymous_1)
FN:23,(anonymous_2)
FN:28,(anonymous_3)
FN:31,(anonymous_4)
FN:32,(anonymous_5)
FN:34,(anonymous_6)
FN:35,(anonymous_7)
FN:39,(anonymous_8)
FN:41,(anonymous_9)
FN:50,(anonymous_10)
FN:50,(anonymous_11)
FN:66,(anonymous_12)
FN:74,(anonymous_13)
FN:82,(anonymous_14)
FN:92,(anonymous_15)
FN:93,(anonymous_16)
FN:93,(anonymous_17)
FN:96,(anonymous_18)
FN:98,(anonymous_19)
FN:99,(anonymous_20)
FN:99,(anonymous_21)
FNF:22
FNH:13
FNDA:5,(anonymous_0)
FNDA:1,(anonymous_1)
FNDA:4,(anonymous_2)
FNDA:3,(anonymous_3)
FNDA:0,(anonymous_4)
FNDA:0,(anonymous_5)
FNDA:1,(anonymous_6)
FNDA:1,(anonymous_7)
FNDA:0,(anonymous_8)
FNDA:0,(anonymous_9)
FNDA:6,(anonymous_10)
FNDA:6,(anonymous_11)
FNDA:4,(anonymous_12)
FNDA:2,(anonymous_13)
FNDA:0,(anonymous_14)
FNDA:1,(anonymous_15)
FNDA:1,(anonymous_16)
FNDA:3,(anonymous_17)
FNDA:0,(anonymous_18)
FNDA:0,(anonymous_19)
FNDA:0,(anonymous_20)
FNDA:0,(anonymous_21)
DA:7,1
DA:17,5
DA:20,1
DA:24,4
DA:25,4
DA:26,4
DA:29,3
DA:32,0
DA:35,1
DA:36,1
DA:40,0
DA:41,0
DA:42,0
DA:48,1
DA:50,6
DA:51,6
DA:53,6
DA:54,6
DA:56,5
DA:66,1
DA:67,4
DA:74,1
DA:75,2
DA:82,1
DA:83,0
DA:91,1
DA:92,1
DA:93,3
DA:96,1
DA:97,0
DA:98,0
DA:99,0
DA:109,1
LF:33
LH:25
BRDA:54,0,0,1
BRDA:54,0,1,5
BRF:2
BRH:2
end_of_record
TN:
SF:src/store/configureStore.js
FN:8,(anonymous_0)
FNF:1
FNH:1
FNDA:10,(anonymous_0)
DA:9,10
LF:1
LH:1
BRF:0
BRH:0
end_of_record
TN:
SF:src/store/entities.js
FNF:0
FNH:0
LF:0
LH:0
BRF:0
BRH:0
end_of_record
TN:
SF:src/store/projects.js
FN:8,(anonymous_0)
FNF:1
FNH:0
FNDA:0,(anonymous_0)
DA:3,1
DA:4,1
DA:9,0
DA:17,1
LF:4
LH:3
BRF:0
BRH:0
end_of_record
TN:
SF:src/store/reducer.js
FNF:0
FNH:0
LF:0
LH:0
BRF:0
BRH:0
end_of_record
TN:
SF:src/store/team.js
FN:8,(anonymous_0)
FNF:1
FNH:0
FNDA:0,(anonymous_0)
DA:3,1
DA:4,1
DA:9,0
DA:17,1
LF:4
LH:3
BRF:0
BRH:0
end_of_record
TN:
SF:src/store/middleware/api.js
FN:4,(anonymous_0)
FN:4,(anonymous_1)
FN:4,(anonymous_2)
FNF:3
FNH:3
FNDA:10,(anonymous_0)
FNDA:10,(anonymous_1)
FNDA:36,(anonymous_2)
DA:4,10
DA:5,36
DA:7,11
DA:9,11
DA:11,11
DA:13,11
DA:14,11
DA:21,8
DA:23,8
DA:26,3
DA:28,3
LF:11
LH:11
BRDA:5,0,0,25
BRDA:5,0,1,11
BRDA:9,1,0,5
BRDA:9,1,1,6
BRDA:23,2,0,8
BRDA:23,2,1,0
BRDA:28,3,0,1
BRDA:28,3,1,2
BRF:8
BRH:7
end_of_record
TN:
SF:src/store/middleware/errors.js
FN:1,(anonymous_0)
FN:1,(anonymous_1)
FN:1,(anonymous_2)
FNF:3
FNH:3
FNDA:10,(anonymous_0)
FNDA:10,(anonymous_1)
FNDA:36,(anonymous_2)
DA:1,10
DA:2,36
DA:3,0
DA:4,36
LF:4
LH:3
BRDA:2,0,0,0
BRDA:2,0,1,36
BRF:2
BRH:1
end_of_record
TN:
SF:src/store/middleware/logger.js
FN:1,(anonymous_0)
FN:1,(anonymous_1)
FN:1,(anonymous_2)
FN:1,(anonymous_3)
FNF:4
FNH:0
FNDA:0,(anonymous_0)
FNDA:0,(anonymous_1)
FNDA:0,(anonymous_2)
FNDA:0,(anonymous_3)
DA:1,1
DA:2,0
DA:3,0
LF:3
LH:1
BRF:0
BRH:0
end_of_record
